<?xml version="1.0" encoding="UTF-8"?>
<robot generator="Robot 6.0.1 (Python 3.10.8 on win32)" generated="20221123 20:18:47.157" rpa="false" schemaversion="3">
<suite id="s1" name="Poke" source="D:\dh\DH-2ano---2Bimestre\Testing\aulahoje\poke.robot">
<test id="s1-t1" name="Validação da PokeAPI" line="7">
<kw name="Consulta de Pokemons" library="poke">
<kw name="Verificar linguagem">
<arg>linguagem</arg>
<msg timestamp="20221123 20:18:47.420" level="FAIL">No keyword with name 'Verificar linguagem' found.</msg>
<status status="FAIL" starttime="20221123 20:18:47.419" endtime="20221123 20:18:47.423"/>
</kw>
<kw name="Conferir Status Code" library="poke">
<arg>200</arg>
<status status="NOT RUN" starttime="20221123 20:18:47.425" endtime="20221123 20:18:47.425"/>
</kw>
<status status="FAIL" starttime="20221123 20:18:47.411" endtime="20221123 20:18:47.426"/>
</kw>
<status status="FAIL" starttime="20221123 20:18:47.409" endtime="20221123 20:18:47.453">No keyword with name 'Verificar linguagem' found.</status>
</test>
<status status="FAIL" starttime="20221123 20:18:47.160" endtime="20221123 20:18:47.461"/>
</suite>
<statistics>
<total>
<stat pass="0" fail="1" skip="0">All Tests</stat>
</total>
<tag>
</tag>
<suite>
<stat pass="0" fail="1" skip="0" id="s1" name="Poke">Poke</stat>
</suite>
</statistics>
<errors>
</errors>
</robot>
